Configuration file: /home/mea/Documents/mlavanga.github.io/_config.yml
            Source: /home/mea/Documents/mlavanga.github.io
       Destination: /home/mea/Documents/mlavanga.github.io/_site
 Incremental build: disabled. Enable with --incremental
      Generating... 
                    done in 0.153 seconds.
 Auto-regeneration: enabled for '/home/mea/Documents/mlavanga.github.io'
LiveReload address: http://0.0.0.0:35729
    Server address: http://0.0.0.0:4000
  Server running... press ctrl-c to stop.
        LiveReload: Browser connected
      Regenerating: 1 file(s) changed at 2025-11-26 23:44:44
                    .gitgnore
                    ...done in 0.13389554 seconds.
                    
      Regenerating: 1 file(s) changed at 2025-11-26 23:44:52
                    deedy_resume-openfont.pdf
                    ...done in 0.149571491 seconds.
                    
      Regenerating: 1 file(s) changed at 2025-11-26 23:45:50
                    deedy_resume-openfont.pdf
                    ...done in 0.120657328 seconds.
                    
      Regenerating: 1 file(s) changed at 2025-11-26 23:47:49
                    deedy_resume-openfont.pdf
                    ...done in 0.120318932 seconds.
                    
      Regenerating: 1 file(s) changed at 2025-11-26 23:49:12
                    deedy_resume-openfont.pdf
                    ...done in 0.117924656 seconds.
                    
      Regenerating: 1 file(s) changed at 2025-11-26 23:51:12
                    _includes/bar_header.html
                    ...done in 0.117364509 seconds.
                    
      Regenerating: 1 file(s) changed at 2025-11-26 23:51:32
                    PROPOSAL.md
                    ...done in 0.110085389 seconds.
                    
